<?xml version="1.0" encoding="UTF-8"?>
<testsuite name="driver.TestRunner" time="7.061" tests="42" errors="0" skipped="0" failures="0">
  <properties>
[...]
</properties>
  <testcase name="Given user navigates to media Resource page in English" classname="Scenario: TC001-Localization: User able to change Language." time="0.013"/>
  <testcase name="When User clicks Deutsch language link" classname="Scenario: TC001-Localization: User able to change Language." time="0"/>
  <testcase name="Then language should change to Deutsch" classname="Scenario: TC001-Localization: User able to change Language." time="0"/>
  <testcase name="Scenario: TC001-Localization: User able to change Language." classname="Scenario: TC001-Localization: User able to change Language." time="0.88"/>
  <testcase name="Given user navigates to media Resource page in English" classname="Scenario: TC002-Verify body of Media Resource Page" time="0.001"/>
  <testcase name="Then Product Screenshots link should work" classname="Scenario: TC002-Verify body of Media Resource Page" time="0"/>
  <testcase name="And Xeneta Logo link should work" classname="Scenario: TC002-Verify body of Media Resource Page" time="0"/>
  <testcase name="And Spokpersons link should work" classname="Scenario: TC002-Verify body of Media Resource Page" time="0"/>
  <testcase name="And Image of Founders link should work" classname="Scenario: TC002-Verify body of Media Resource Page" time="0"/>
  <testcase name="Scenario: TC002-Verify body of Media Resource Page" classname="Scenario: TC002-Verify body of Media Resource Page" time="0.872"/>
  <testcase name="Given user navigates to media Resource page in English" classname="| sum.panpatte88@tcs.com |" time="0.001"/>
  <testcase name="When User enters &quot;sum.panpatte88@tcs.com&quot; to Sign up for news letter" classname="| sum.panpatte88@tcs.com |" time="0"/>
  <testcase name="And User clicks submit button" classname="| sum.panpatte88@tcs.com |" time="0.001"/>
  <testcase name="Then successful signing up message should be displayed" classname="| sum.panpatte88@tcs.com |" time="0"/>
  <testcase name="| sum.panpatte88@tcs.com |" classname="| sum.panpatte88@tcs.com |" time="0.837"/>
  <testcase name="Given user navigates to media Resource page in English" classname="| sum.panpatte88@gmail.com |" time="0"/>
  <testcase name="When User enters &quot;sum.panpatte88@gmail.com&quot; to Sign up for news letter" classname="| sum.panpatte88@gmail.com |" time="0"/>
  <testcase name="And User clicks submit button" classname="| sum.panpatte88@gmail.com |" time="0"/>
  <testcase name="Then Error message to enter business email should be displayed" classname="| sum.panpatte88@gmail.com |" time="0"/>
  <testcase name="| sum.panpatte88@gmail.com |" classname="| sum.panpatte88@gmail.com |" time="0.862"/>
  <testcase name="Given user navigates to media Resource page in English" classname="| xtyzccgdgjh |" time="0"/>
  <testcase name="When User enters &quot;xtyzccgdgjh&quot; to Sign up for news letter" classname="| xtyzccgdgjh |" time="0"/>
  <testcase name="And User clicks submit button" classname="| xtyzccgdgjh |" time="0"/>
  <testcase name="Then Error message to enter proper formatted email should be displayed" classname="| xtyzccgdgjh |" time="0"/>
  <testcase name="| xtyzccgdgjh |" classname="| xtyzccgdgjh |" time="0.824"/>
  <testcase name="Given user navigates to request demo page" classname="|  |  | xyz | IT | abc.dgt1@dmt.com | 9987 | Shipper/BCO | Less than 500 | C-Level FRANK |" time="0"/>
  <testcase name="When user eneters &quot;&quot; &quot;&quot; &quot;xyz&quot; &quot;IT&quot; &quot;abc.dgt1@dmt.com&quot; &quot;9987&quot;" classname="|  |  | xyz | IT | abc.dgt1@dmt.com | 9987 | Shipper/BCO | Less than 500 | C-Level FRANK |" time="0"/>
  <testcase name="And user selects from drop down &quot;Shipper/BCO&quot; &quot;Less than 500&quot; &quot;C-Level FRANK&quot;" classname="|  |  | xyz | IT | abc.dgt1@dmt.com | 9987 | Shipper/BCO | Less than 500 | C-Level FRANK |" time="0"/>
  <testcase name="And user clicks on Subscribe xeneta toggle button" classname="|  |  | xyz | IT | abc.dgt1@dmt.com | 9987 | Shipper/BCO | Less than 500 | C-Level FRANK |" time="0"/>
  <testcase name="And User clicks on submit" classname="|  |  | xyz | IT | abc.dgt1@dmt.com | 9987 | Shipper/BCO | Less than 500 | C-Level FRANK |" time="0"/>
  <testcase name="Then Please complete all required fields message should be displayed" classname="|  |  | xyz | IT | abc.dgt1@dmt.com | 9987 | Shipper/BCO | Less than 500 | C-Level FRANK |" time="0"/>
  <testcase name="|  |  | xyz | IT | abc.dgt1@dmt.com | 9987 | Shipper/BCO | Less than 500 | C-Level FRANK |" classname="|  |  | xyz | IT | abc.dgt1@dmt.com | 9987 | Shipper/BCO | Less than 500 | C-Level FRANK |" time="0.952"/>
  <testcase name="Given user navigates to request demo page" classname="| abc |" time="0"/>
  <testcase name="When user eneters &quot;abc&quot;" classname="| abc |" time="0"/>
  <testcase name="And User clicks on submit" classname="| abc |" time="0"/>
  <testcase name="Then Email must be formatted correctly message should be displayed" classname="| abc |" time="0"/>
  <testcase name="And Please complete all required fields message should be displayed" classname="| abc |" time="0"/>
  <testcase name="| abc |" classname="| abc |" time="0.897"/>
  <testcase name="Given user navigates to request demo page" classname="Scenario: TC005-Verify links to navigate to other webpages of Xeneta are present in footer" time="0"/>
  <testcase name="Then Data Method, Customers, Our Company, Careers" classname="Scenario: TC005-Verify links to navigate to other webpages of Xeneta are present in footer" time="0"/>
  <testcase name="And Press, Terms of Service links are present in footer" classname="Scenario: TC005-Verify links to navigate to other webpages of Xeneta are present in footer" time="0"/>
  <testcase name="Scenario: TC005-Verify links to navigate to other webpages of Xeneta are present in footer" classname="Scenario: TC005-Verify links to navigate to other webpages of Xeneta are present in footer" time="0.921"/>
</testsuite>